{"/Users/luziwei/workspace/personal/data-structures-coding-challenges/LinkedList/SinglyLinkedList.js": {"path":"/Users/luziwei/workspace/personal/data-structures-coding-challenges/LinkedList/SinglyLinkedList.js","statementMap":{"0":{"start":{"line":3,"column":4},"end":{"line":3,"column":21}},"1":{"start":{"line":4,"column":4},"end":{"line":4,"column":21}},"2":{"start":{"line":10,"column":4},"end":{"line":10,"column":21}},"3":{"start":{"line":14,"column":17},"end":{"line":14,"column":32}},"4":{"start":{"line":15,"column":4},"end":{"line":15,"column":26}},"5":{"start":{"line":16,"column":4},"end":{"line":16,"column":21}},"6":{"start":{"line":17,"column":4},"end":{"line":17,"column":16}},"7":{"start":{"line":21,"column":4},"end":{"line":23,"column":5}},"8":{"start":{"line":22,"column":6},"end":{"line":22,"column":18}},"9":{"start":{"line":24,"column":4},"end":{"line":24,"column":31}},"10":{"start":{"line":25,"column":4},"end":{"line":25,"column":16}},"11":{"start":{"line":29,"column":17},"end":{"line":29,"column":32}},"12":{"start":{"line":31,"column":4},"end":{"line":34,"column":5}},"13":{"start":{"line":32,"column":6},"end":{"line":32,"column":23}},"14":{"start":{"line":33,"column":6},"end":{"line":33,"column":18}},"15":{"start":{"line":36,"column":22},"end":{"line":36,"column":31}},"16":{"start":{"line":37,"column":4},"end":{"line":39,"column":5}},"17":{"start":{"line":38,"column":6},"end":{"line":38,"column":37}},"18":{"start":{"line":40,"column":4},"end":{"line":40,"column":28}},"19":{"start":{"line":42,"column":4},"end":{"line":42,"column":16}},"20":{"start":{"line":46,"column":4},"end":{"line":48,"column":5}},"21":{"start":{"line":47,"column":6},"end":{"line":47,"column":18}},"22":{"start":{"line":50,"column":22},"end":{"line":50,"column":31}},"23":{"start":{"line":52,"column":4},"end":{"line":55,"column":5}},"24":{"start":{"line":53,"column":6},"end":{"line":53,"column":23}},"25":{"start":{"line":54,"column":6},"end":{"line":54,"column":18}},"26":{"start":{"line":57,"column":4},"end":{"line":59,"column":5}},"27":{"start":{"line":58,"column":6},"end":{"line":58,"column":37}},"28":{"start":{"line":60,"column":4},"end":{"line":60,"column":28}},"29":{"start":{"line":62,"column":4},"end":{"line":62,"column":16}},"30":{"start":{"line":66,"column":4},"end":{"line":68,"column":5}},"31":{"start":{"line":67,"column":6},"end":{"line":67,"column":19}},"32":{"start":{"line":70,"column":22},"end":{"line":70,"column":31}},"33":{"start":{"line":72,"column":4},"end":{"line":75,"column":5}},"34":{"start":{"line":73,"column":6},"end":{"line":73,"column":35}},"35":{"start":{"line":74,"column":6},"end":{"line":74,"column":18}},"36":{"start":{"line":77,"column":4},"end":{"line":83,"column":5}},"37":{"start":{"line":78,"column":6},"end":{"line":81,"column":7}},"38":{"start":{"line":79,"column":8},"end":{"line":79,"column":49}},"39":{"start":{"line":80,"column":8},"end":{"line":80,"column":20}},"40":{"start":{"line":82,"column":6},"end":{"line":82,"column":37}},"41":{"start":{"line":85,"column":4},"end":{"line":85,"column":17}},"42":{"start":{"line":89,"column":4},"end":{"line":91,"column":5}},"43":{"start":{"line":90,"column":6},"end":{"line":90,"column":19}},"44":{"start":{"line":93,"column":22},"end":{"line":93,"column":31}},"45":{"start":{"line":94,"column":4},"end":{"line":99,"column":5}},"46":{"start":{"line":95,"column":6},"end":{"line":97,"column":7}},"47":{"start":{"line":96,"column":8},"end":{"line":96,"column":20}},"48":{"start":{"line":98,"column":6},"end":{"line":98,"column":37}},"49":{"start":{"line":101,"column":4},"end":{"line":101,"column":17}},"50":{"start":{"line":105,"column":4},"end":{"line":105,"column":30}},"51":{"start":{"line":109,"column":4},"end":{"line":109,"column":21}},"52":{"start":{"line":113,"column":4},"end":{"line":113,"column":24}},"53":{"start":{"line":114,"column":4},"end":{"line":114,"column":16}},"54":{"start":{"line":118,"column":4},"end":{"line":130,"column":5}},"55":{"start":{"line":119,"column":6},"end":{"line":119,"column":32}},"56":{"start":{"line":120,"column":6},"end":{"line":120,"column":19}},"57":{"start":{"line":122,"column":17},"end":{"line":122,"column":26}},"58":{"start":{"line":123,"column":6},"end":{"line":127,"column":7}},"59":{"start":{"line":124,"column":8},"end":{"line":124,"column":48}},"60":{"start":{"line":125,"column":8},"end":{"line":125,"column":37}},"61":{"start":{"line":126,"column":8},"end":{"line":126,"column":25}},"62":{"start":{"line":128,"column":6},"end":{"line":128,"column":26}},"63":{"start":{"line":129,"column":6},"end":{"line":129,"column":18}},"64":{"start":{"line":134,"column":4},"end":{"line":147,"column":5}},"65":{"start":{"line":135,"column":6},"end":{"line":135,"column":32}},"66":{"start":{"line":136,"column":6},"end":{"line":136,"column":20}},"67":{"start":{"line":138,"column":15},"end":{"line":138,"column":17}},"68":{"start":{"line":139,"column":17},"end":{"line":139,"column":26}},"69":{"start":{"line":140,"column":6},"end":{"line":144,"column":7}},"70":{"start":{"line":141,"column":8},"end":{"line":141,"column":32}},"71":{"start":{"line":142,"column":8},"end":{"line":142,"column":21}},"72":{"start":{"line":143,"column":8},"end":{"line":143,"column":25}},"73":{"start":{"line":145,"column":6},"end":{"line":145,"column":19}},"74":{"start":{"line":146,"column":6},"end":{"line":146,"column":16}}},"fnMap":{"0":{"name":"(anonymous_0)","decl":{"start":{"line":2,"column":2},"end":{"line":2,"column":3}},"loc":{"start":{"line":2,"column":20},"end":{"line":5,"column":3}},"line":2},"1":{"name":"(anonymous_1)","decl":{"start":{"line":9,"column":2},"end":{"line":9,"column":3}},"loc":{"start":{"line":9,"column":16},"end":{"line":11,"column":3}},"line":9},"2":{"name":"(anonymous_2)","decl":{"start":{"line":13,"column":2},"end":{"line":13,"column":3}},"loc":{"start":{"line":13,"column":22},"end":{"line":18,"column":3}},"line":13},"3":{"name":"(anonymous_3)","decl":{"start":{"line":20,"column":2},"end":{"line":20,"column":3}},"loc":{"start":{"line":20,"column":17},"end":{"line":26,"column":3}},"line":20},"4":{"name":"(anonymous_4)","decl":{"start":{"line":28,"column":2},"end":{"line":28,"column":3}},"loc":{"start":{"line":28,"column":22},"end":{"line":43,"column":3}},"line":28},"5":{"name":"(anonymous_5)","decl":{"start":{"line":45,"column":2},"end":{"line":45,"column":3}},"loc":{"start":{"line":45,"column":17},"end":{"line":63,"column":3}},"line":45},"6":{"name":"(anonymous_6)","decl":{"start":{"line":65,"column":2},"end":{"line":65,"column":3}},"loc":{"start":{"line":65,"column":19},"end":{"line":86,"column":3}},"line":65},"7":{"name":"(anonymous_7)","decl":{"start":{"line":88,"column":2},"end":{"line":88,"column":3}},"loc":{"start":{"line":88,"column":16},"end":{"line":102,"column":3}},"line":88},"8":{"name":"(anonymous_8)","decl":{"start":{"line":104,"column":2},"end":{"line":104,"column":3}},"loc":{"start":{"line":104,"column":12},"end":{"line":106,"column":3}},"line":104},"9":{"name":"(anonymous_9)","decl":{"start":{"line":108,"column":2},"end":{"line":108,"column":3}},"loc":{"start":{"line":108,"column":12},"end":{"line":110,"column":3}},"line":108},"10":{"name":"(anonymous_10)","decl":{"start":{"line":112,"column":2},"end":{"line":112,"column":3}},"loc":{"start":{"line":112,"column":19},"end":{"line":115,"column":3}},"line":112},"11":{"name":"(anonymous_11)","decl":{"start":{"line":117,"column":2},"end":{"line":117,"column":3}},"loc":{"start":{"line":117,"column":14},"end":{"line":131,"column":3}},"line":117},"12":{"name":"(anonymous_12)","decl":{"start":{"line":133,"column":2},"end":{"line":133,"column":3}},"loc":{"start":{"line":133,"column":15},"end":{"line":148,"column":3}},"line":133}},"branchMap":{"0":{"loc":{"start":{"line":21,"column":4},"end":{"line":23,"column":5}},"type":"if","locations":[{"start":{"line":21,"column":4},"end":{"line":23,"column":5}},{"start":{},"end":{}}],"line":21},"1":{"loc":{"start":{"line":31,"column":4},"end":{"line":34,"column":5}},"type":"if","locations":[{"start":{"line":31,"column":4},"end":{"line":34,"column":5}},{"start":{},"end":{}}],"line":31},"2":{"loc":{"start":{"line":46,"column":4},"end":{"line":48,"column":5}},"type":"if","locations":[{"start":{"line":46,"column":4},"end":{"line":48,"column":5}},{"start":{},"end":{}}],"line":46},"3":{"loc":{"start":{"line":52,"column":4},"end":{"line":55,"column":5}},"type":"if","locations":[{"start":{"line":52,"column":4},"end":{"line":55,"column":5}},{"start":{},"end":{}}],"line":52},"4":{"loc":{"start":{"line":57,"column":11},"end":{"line":57,"column":68}},"type":"binary-expr","locations":[{"start":{"line":57,"column":11},"end":{"line":57,"column":35}},{"start":{"line":57,"column":39},"end":{"line":57,"column":68}}],"line":57},"5":{"loc":{"start":{"line":66,"column":4},"end":{"line":68,"column":5}},"type":"if","locations":[{"start":{"line":66,"column":4},"end":{"line":68,"column":5}},{"start":{},"end":{}}],"line":66},"6":{"loc":{"start":{"line":72,"column":4},"end":{"line":75,"column":5}},"type":"if","locations":[{"start":{"line":72,"column":4},"end":{"line":75,"column":5}},{"start":{},"end":{}}],"line":72},"7":{"loc":{"start":{"line":78,"column":6},"end":{"line":81,"column":7}},"type":"if","locations":[{"start":{"line":78,"column":6},"end":{"line":81,"column":7}},{"start":{},"end":{}}],"line":78},"8":{"loc":{"start":{"line":89,"column":4},"end":{"line":91,"column":5}},"type":"if","locations":[{"start":{"line":89,"column":4},"end":{"line":91,"column":5}},{"start":{},"end":{}}],"line":89},"9":{"loc":{"start":{"line":94,"column":4},"end":{"line":99,"column":5}},"type":"if","locations":[{"start":{"line":94,"column":4},"end":{"line":99,"column":5}},{"start":{},"end":{}}],"line":94},"10":{"loc":{"start":{"line":95,"column":6},"end":{"line":97,"column":7}},"type":"if","locations":[{"start":{"line":95,"column":6},"end":{"line":97,"column":7}},{"start":{},"end":{}}],"line":95},"11":{"loc":{"start":{"line":118,"column":4},"end":{"line":130,"column":5}},"type":"if","locations":[{"start":{"line":118,"column":4},"end":{"line":130,"column":5}},{"start":{"line":121,"column":11},"end":{"line":130,"column":5}}],"line":118},"12":{"loc":{"start":{"line":134,"column":4},"end":{"line":147,"column":5}},"type":"if","locations":[{"start":{"line":134,"column":4},"end":{"line":147,"column":5}},{"start":{"line":137,"column":11},"end":{"line":147,"column":5}}],"line":134}},"s":{"0":0,"1":0,"2":1,"3":0,"4":0,"5":0,"6":0,"7":0,"8":0,"9":0,"10":0,"11":0,"12":0,"13":0,"14":0,"15":0,"16":0,"17":0,"18":0,"19":0,"20":0,"21":0,"22":0,"23":0,"24":0,"25":0,"26":0,"27":0,"28":0,"29":0,"30":0,"31":0,"32":0,"33":0,"34":0,"35":0,"36":0,"37":0,"38":0,"39":0,"40":0,"41":0,"42":0,"43":0,"44":0,"45":0,"46":0,"47":0,"48":0,"49":0,"50":0,"51":0,"52":0,"53":0,"54":0,"55":0,"56":0,"57":0,"58":0,"59":0,"60":0,"61":0,"62":0,"63":0,"64":0,"65":0,"66":0,"67":0,"68":0,"69":0,"70":0,"71":0,"72":0,"73":0,"74":0},"f":{"0":0,"1":1,"2":0,"3":0,"4":0,"5":0,"6":0,"7":0,"8":0,"9":0,"10":0,"11":0,"12":0},"b":{"0":[0,0],"1":[0,0],"2":[0,0],"3":[0,0],"4":[0,0],"5":[0,0],"6":[0,0],"7":[0,0],"8":[0,0],"9":[0,0],"10":[0,0],"11":[0,0],"12":[0,0]},"_coverageSchema":"1a1c01bbd47fc00a2c39e90264f33305004495a9","hash":"4a86ff9047cf6ded4fba9a66e1f1845051d4ed50"}
}
